
> pure-admin-thin@6.2.0 dev /mnt/d/aicode/ai-gateway/admin-web
> NODE_OPTIONS=--max-old-space-size=4096 vite

╭─────────────────────────────────────────────╮
│ 您好! 欢迎使用 pure-admin 开源项目          │
│ 我们为您精心准备了下面两个贴心的保姆级文档  │
│ https://pure-admin.cn                       │
│ https://pure-admin-utils.netlify.app        │
╰─────────────────────────────────────────────╯

  VITE v7.1.12  ready in 18221 ms

  ➜  Local:   http://localhost:8848/
  ➜  Network: http://10.255.255.254:8848/
  ➜  Network: http://192.168.255.42:8848/
[baseline-browser-mapping] The data in this module is over two months old.  To ensure accurate Baseline data, please update: `npm i baseline-browser-mapping@latest -D`
Browserslist: browsers data (caniuse-lite) is 6 months old. Please run:
  npx update-browserslist-db@latest
  Why you should do it regularly: https://github.com/browserslist/update-db#readme
1:46:51 PM [vite] http proxy error: /admin/users
Error: connect ECONNREFUSED 127.0.0.1:8080
    at TCPConnectWrap.afterConnect [as oncomplete] (node:net:1645:16)
1:46:54 PM [vite] http proxy error: /admin/models?page=1&pageSize=10
Error: connect ECONNREFUSED 127.0.0.1:8080
    at TCPConnectWrap.afterConnect [as oncomplete] (node:net:1645:16)
1:46:56 PM [vite] http proxy error: /admin/users
Error: connect ECONNREFUSED 127.0.0.1:8080
    at TCPConnectWrap.afterConnect [as oncomplete] (node:net:1645:16)
 ELIFECYCLE  Command failed with exit code 143.
